<?xml version="1.0" encoding="UTF-8"?>
<!-- Generated by org.testng.reporters.JUnitReportReporter -->
<testsuite hostname="DESKTOP-FQ2Q8F9" failures="0" tests="1" name="soundarya.TC_04CreateOrganisationWithIndustry" time="51.391" errors="0" timestamp="2023-09-29T13:44:47 IST" skipped="0">
  <testcase classname="soundarya.TC_04CreateOrganisationWithIndustry" name="createOrgWithindustry" time="51.391"/>
  <system-out/>
</testsuite> <!-- soundarya.TC_04CreateOrganisationWithIndustry -->
