<?xml version="1.0" encoding="UTF-8"?>
<!-- Generated by org.testng.reporters.JUnitReportReporter -->
<testsuite hostname="DESKTOP-FQ2Q8F9" failures="0" tests="1" name="soundarya.TC_02CreateOrganisationWithWebSite" time="64.515" errors="0" timestamp="2023-09-29T13:54:17 IST" skipped="0">
  <testcase classname="soundarya.TC_02CreateOrganisationWithWebSite" name="createOrgWithWebsite" time="64.515"/>
  <system-out/>
</testsuite> <!-- soundarya.TC_02CreateOrganisationWithWebSite -->
