<?xml version="1.0" encoding="UTF-8"?>
<!-- Generated by org.testng.reporters.JUnitReportReporter -->
<testsuite hostname="DESKTOP-FQ2Q8F9" failures="0" tests="1" name="vtigergenericUtilities.BaseClass" time="10.636" errors="0" timestamp="2023-09-22T10:49:31 IST" skipped="0">
  <testcase classname="vtigergenericUtilities.BaseClass" name="t" time="10.636"/>
  <system-out/>
</testsuite> <!-- vtigergenericUtilities.BaseClass -->
